<?xml version="1.0" encoding="UTF-8"?>
<!-- Generated by org.testng.reporters.JUnitReportReporter -->
<testsuite skipped="0" hostname="DESKTOP-4JQOEGC" name="runner.TestRunner" tests="1" failures="0" timestamp="2019-10-11T10:18:01 IST" time="28.401" errors="0">
  <testcase name="feature" time="28.401" classname="runner.TestRunner"/>
</testsuite> <!-- runner.TestRunner -->
